[debug] [2021-02-19T15:11:06.398Z] ----------------------------------------------------------------------
[debug] [2021-02-19T15:11:06.399Z] Command:       C:\Program Files\nodejs\node.exe C:\Users\jaybg\AppData\Roaming\npm\node_modules\firebase-tools\lib\bin\firebase.js functions:shell
[debug] [2021-02-19T15:11:06.400Z] CLI Version:   9.4.0
[debug] [2021-02-19T15:11:06.400Z] Platform:      win32
[debug] [2021-02-19T15:11:06.400Z] Node Version:  v14.15.5
[debug] [2021-02-19T15:11:06.401Z] Time:          Fri Feb 19 2021 10:11:06 GMT-0500 (Eastern Standard Time)
[debug] [2021-02-19T15:11:06.401Z] ----------------------------------------------------------------------
[debug] [2021-02-19T15:11:06.401Z] 
[debug] [2021-02-19T15:11:06.407Z] > command requires scopes: ["email","openid","https://www.googleapis.com/auth/cloudplatformprojects.readonly","https://www.googleapis.com/auth/firebase","https://www.googleapis.com/auth/cloud-platform"]
[debug] [2021-02-19T15:11:06.407Z] > authorizing via signed-in user
[debug] [2021-02-19T15:11:06.407Z] [iam] checking project marketingplatform-3b5c7 for permissions ["firebase.projects.get"]
[debug] [2021-02-19T15:11:06.409Z] > refreshing access token with scopes: ["email","https://www.googleapis.com/auth/cloud-platform","https://www.googleapis.com/auth/cloudplatformprojects.readonly","https://www.googleapis.com/auth/firebase","openid"]
[debug] [2021-02-19T15:11:06.409Z] >>> HTTP REQUEST POST https://www.googleapis.com/oauth2/v3/token  
 <request body omitted>
[debug] [2021-02-19T15:11:06.591Z] <<< HTTP RESPONSE 200 {"expires":"Mon, 01 Jan 1990 00:00:00 GMT","cache-control":"no-cache, no-store, max-age=0, must-revalidate","pragma":"no-cache","date":"Fri, 19 Feb 2021 15:11:06 GMT","content-type":"application/json; charset=utf-8","vary":"X-Origin, Referer, Origin,Accept-Encoding","server":"scaffolding on HTTPServer2","x-xss-protection":"0","x-frame-options":"SAMEORIGIN","x-content-type-options":"nosniff","alt-svc":"h3-29=\":443\"; ma=2592000,h3-T051=\":443\"; ma=2592000,h3-Q050=\":443\"; ma=2592000,h3-Q046=\":443\"; ma=2592000,h3-Q043=\":443\"; ma=2592000,quic=\":443\"; ma=2592000; v=\"46,43\"","accept-ranges":"none","transfer-encoding":"chunked"}
[debug] [2021-02-19T15:11:06.601Z] >>> HTTP REQUEST POST https://cloudresourcemanager.googleapis.com/v1/projects/marketingplatform-3b5c7:testIamPermissions  
 {"permissions":["firebase.projects.get"]}
[debug] [2021-02-19T15:11:06.809Z] <<< HTTP RESPONSE 200 {"content-type":"application/json; charset=UTF-8","vary":"X-Origin, Referer, Origin,Accept-Encoding","date":"Fri, 19 Feb 2021 15:11:07 GMT","server":"ESF","cache-control":"private","x-xss-protection":"0","x-frame-options":"SAMEORIGIN","x-content-type-options":"nosniff","server-timing":"gfet4t7; dur=45","alt-svc":"h3-29=\":443\"; ma=2592000,h3-T051=\":443\"; ma=2592000,h3-Q050=\":443\"; ma=2592000,h3-Q046=\":443\"; ma=2592000,h3-Q043=\":443\"; ma=2592000,quic=\":443\"; ma=2592000; v=\"46,43\"","accept-ranges":"none","transfer-encoding":"chunked"}
[warn] !  Your requested "node" version "12" doesn't match your global version "14" {"metadata":{"emulator":{"name":"functions"},"message":"Your requested \"node\" version \"12\" doesn't match your global version \"14\""}}
[debug] [2021-02-19T15:11:06.817Z] defaultcredentials: writing to file C:\Users\jaybg\AppData\Roaming\firebase\jayblar_gmail_com_application_default_credentials.json
[debug] [2021-02-19T15:11:06.818Z] DEBUG: Setting GAC to C:\Users\jaybg\AppData\Roaming\firebase\jayblar_gmail_com_application_default_credentials.json
[debug] [2021-02-19T15:11:06.819Z] > refreshing access token with scopes: []
[debug] [2021-02-19T15:11:06.819Z] >>> HTTP REQUEST POST https://www.googleapis.com/oauth2/v3/token  
 <request body omitted>
[debug] [2021-02-19T15:11:06.980Z] <<< HTTP RESPONSE 200 {"expires":"Mon, 01 Jan 1990 00:00:00 GMT","pragma":"no-cache","cache-control":"no-cache, no-store, max-age=0, must-revalidate","date":"Fri, 19 Feb 2021 15:11:07 GMT","content-type":"application/json; charset=utf-8","vary":"X-Origin, Referer, Origin,Accept-Encoding","server":"scaffolding on HTTPServer2","x-xss-protection":"0","x-frame-options":"SAMEORIGIN","x-content-type-options":"nosniff","alt-svc":"h3-29=\":443\"; ma=2592000,h3-T051=\":443\"; ma=2592000,h3-Q050=\":443\"; ma=2592000,h3-Q046=\":443\"; ma=2592000,h3-Q043=\":443\"; ma=2592000,quic=\":443\"; ma=2592000; v=\"46,43\"","accept-ranges":"none","transfer-encoding":"chunked"}
[debug] [2021-02-19T15:11:06.989Z] >>> [apiv2][query] GET https://firebase.googleapis.com/v1beta1/projects/marketingplatform-3b5c7/adminSdkConfig [none]
[debug] [2021-02-19T15:11:07.228Z] <<< [apiv2][status] GET https://firebase.googleapis.com/v1beta1/projects/marketingplatform-3b5c7/adminSdkConfig 200
[debug] [2021-02-19T15:11:07.228Z] <<< [apiv2][body] GET https://firebase.googleapis.com/v1beta1/projects/marketingplatform-3b5c7/adminSdkConfig {"projectId":"marketingplatform-3b5c7","storageBucket":"marketingplatform-3b5c7.appspot.com","locationId":"us-central"}
[debug] [2021-02-19T15:11:07.247Z] [functions] Watching "D:\Programming\unamedmarketingplatform\marketingplatform\functions" for Cloud Functions...
[debug] [2021-02-19T15:11:07.255Z] DEBUG: [worker-pool] addWorker(~diagnostic~)
[debug] [2021-02-19T15:11:07.255Z] DEBUG: [worker-pool] Adding worker with key ~diagnostic~, total=1
[debug] [2021-02-19T15:11:07.255Z] DEBUG: [worker-pool] submitWork(triggerId=)
[debug] [2021-02-19T15:11:07.255Z] DEBUG: [worker-~diagnostic~-ec4951b6-0040-4987-b352-5f76a65a62e9]: Assigning socketPath: \\?\pipe\D:\Programming\unamedmarketingplatform\marketingplatform\functions\2792
[debug] [2021-02-19T15:11:07.256Z] DEBUG: [worker-~diagnostic~-ec4951b6-0040-4987-b352-5f76a65a62e9]: BUSY
[debug] [2021-02-19T15:11:07.430Z] DEBUG: [runtime-status] [2792] Functions runtime initialized. {"cwd":"D:\\Programming\\unamedmarketingplatform\\marketingplatform\\functions","node_version":"14.15.5"}
[debug] [2021-02-19T15:11:07.432Z] DEBUG: [runtime-status] [2792] Disabled runtime features: undefined
[debug] [2021-02-19T15:11:07.435Z] DEBUG: [runtime-status] [2792] Resolved module firebase-admin {"declared":true,"installed":true,"version":"9.4.2","resolution":"D:\\Programming\\unamedmarketingplatform\\marketingplatform\\functions\\node_modules\\firebase-admin\\lib\\index.js"}
[debug] [2021-02-19T15:11:07.436Z] DEBUG: [runtime-status] [2792] Resolved module firebase-functions {"declared":true,"installed":true,"version":"3.13.1","resolution":"D:\\Programming\\unamedmarketingplatform\\marketingplatform\\functions\\node_modules\\firebase-functions\\lib\\index.js"}
[debug] [2021-02-19T15:11:07.438Z] DEBUG: [runtime-status] [2792] Resolved module firebase-functions {"declared":true,"installed":true,"version":"3.13.1","resolution":"D:\\Programming\\unamedmarketingplatform\\marketingplatform\\functions\\node_modules\\firebase-functions\\lib\\index.js"}
[debug] [2021-02-19T15:11:07.439Z] DEBUG: [runtime-status] [2792] Outgoing network have been stubbed. [{"name":"http","status":"mocked"},{"name":"http","status":"mocked"},{"name":"https","status":"mocked"},{"name":"https","status":"mocked"},{"name":"net","status":"mocked"}]
[debug] [2021-02-19T15:11:07.439Z] DEBUG: [runtime-status] [2792] Resolved module firebase-functions {"declared":true,"installed":true,"version":"3.13.1","resolution":"D:\\Programming\\unamedmarketingplatform\\marketingplatform\\functions\\node_modules\\firebase-functions\\lib\\index.js"}
[debug] [2021-02-19T15:11:07.476Z] DEBUG: [runtime-status] [2792] Checked functions.config() {"config":{}}
[debug] [2021-02-19T15:11:07.476Z] DEBUG: [runtime-status] [2792] firebase-functions has been stubbed. {"functionsResolution":{"declared":true,"installed":true,"version":"3.13.1","resolution":"D:\\Programming\\unamedmarketingplatform\\marketingplatform\\functions\\node_modules\\firebase-functions\\lib\\index.js"}}
[debug] [2021-02-19T15:11:07.477Z] DEBUG: [runtime-status] [2792] Resolved module firebase-functions {"declared":true,"installed":true,"version":"3.13.1","resolution":"D:\\Programming\\unamedmarketingplatform\\marketingplatform\\functions\\node_modules\\firebase-functions\\lib\\index.js"}
[debug] [2021-02-19T15:11:07.477Z] DEBUG: [runtime-status] [2792] Resolved module firebase-admin {"declared":true,"installed":true,"version":"9.4.2","resolution":"D:\\Programming\\unamedmarketingplatform\\marketingplatform\\functions\\node_modules\\firebase-admin\\lib\\index.js"}
[debug] [2021-02-19T15:11:07.478Z] DEBUG: [runtime-status] [2792] Resolved module firebase-functions {"declared":true,"installed":true,"version":"3.13.1","resolution":"D:\\Programming\\unamedmarketingplatform\\marketingplatform\\functions\\node_modules\\firebase-functions\\lib\\index.js"}
[debug] [2021-02-19T15:11:07.478Z] DEBUG: [runtime-status] [2792] firebase-admin has been stubbed. {"adminResolution":{"declared":true,"installed":true,"version":"9.4.2","resolution":"D:\\Programming\\unamedmarketingplatform\\marketingplatform\\functions\\node_modules\\firebase-admin\\lib\\index.js"}}
[debug] [2021-02-19T15:11:07.863Z] DEBUG: [runtime-status] [2792] initializeApp(DEFAULT) {"credential":{"implicit":false,"projectId":"marketingplatform-3b5c7","privateKey":"-----BEGIN PRIVATE KEY-----\nMIIEvwIBADANBgkqhkiG9w0BAQEFAASCBKkwggSlAgEAAoIBAQCmbqs3BIQqpiBa\nZPcS3DXZxqBiuqJiaTOVI2NK7a82NrZIHwY0RcapMf3c7tj7YFOBNRZ9GTLwnnDc\n/fL9vgLUc7L1QQyjtnKo+qNXri38dZphG0l78//CaS6GSZFBPBnoehJjA6mpAzE/\nUElWdb94A0wyC7cPUqYRFEo42JUSxyiq0pdQfPqs3gxanQIW9AVKef27FVAmt+tM\nKR0VX26AbWWjnYCDDlAZRQRRgSvSrSnMsuY57m6gLq8U+s32ULGmlASlXe9QB66s\ndALzeL489l8PK+K2Cy5b6wp8n5FhvSo7VFVdbimGHdTDxE1fIae5QsCWgaxMLqRi\nEOd/A0w1AgMBAAECggEALVH5gZPTQaHXMYZI2XPpnhG+XuQfj9jB2Ry3zxGGIqcn\nX+BC2j0d6bjZPi40G8+RLZ/9LbeM7YTXivYEEyCIuL2Av9Qk0ve9pVIK5Ldjglmr\n3kGF8yDwRkpKBvtFeJQbIfkLxLacno9l+62rKsYJi26qcv5JrPx+iCwUQgKIJYJx\natppN+efaYsTpIBw/9C9koSXpGOaQm9soSpkTu6UMAQEJMuwZVYo02kGJpxmv5Er\nGT85sWLsIh8Y8yOt3pQ3pHebxGj2ZQZi5mqnEm7T046GiACz1XE1VX4mi0jRVI3X\nhc3YlIlOngEeGOgizFCMBeCADfsb+GJVrhKHg4feiQKBgQDbVXj9vjfBMK+bhumA\nGrgP+qzVqbcdL9R4R5CpMlEMT6Q2zd86WftyzA7e1jYtByi+ZEfBKm76/BbwGdHS\nb71vkHkXEKCO4Liii0Rt8T1iDtyb5/WmF5RPCcAhb522BexRq0XH5sJTjAUa8Uk3\nmi0yS8w7B37U4iwz/Dgm5KZH8wKBgQDCQT2np1EVUa9FI2aKNzIZAznGMUgvQ0tR\n9W6+v6Pe3kyqnsabEV4sUdyGhB8b4xKnkI0SSd971NG6L71aK4MhmXyr0tBxph+9\nIoMTt2j5Kmxb+glINShO6iU6roMJ5xalurL4CoMNCvD9KDPwNTL/ctljWnaTxUSK\nJ9DtCvONNwKBgQDYePFjLlwE1jJbg7ntb3F+g+AVON27drtywt8pvrlzNx9R37qT\n8r9TO8bpc+4gXtJ9pqeTJHhISomxCyqlURdchvCcLRLqMSzJcD5nbBMzNovRbAxs\nkxUTNQJlfa3gOtRUfn/unffpUWawgrfKouY8n8a/89Pf9CHAZQxehoj+tQKBgQCn\ngdypsoUf7iVGaEVm0DvaB8cNGbgWUWAk15Bc2iJz75uK0YmPdEWR0DFqqYmt4XxX\nlDWh3KPjQ1xqwfn1RGo6UgGIpSxrpAXgcV84ZEMYATYZhh307ynICu55kLyckHIe\nDUWA0Ie7eoDevIk1DJriXmYI35w6xrPYsobdsUDdtwKBgQCMIWZL/Cz/9BUwkI+T\nQ6WgrVwg2bqG5YvMW1b+4Di+TVb3WS4JlWn95US705iqGxStQggcbLLN7j8Bo9c8\ndtutOlPu5OWpc528wN/gMzPXjZ9/rjps6rE3wW444vMctJtTW27cRZ3C7In/dMCh\n6z5MMGC7gNjpMdEpFismziSeug==\n-----END PRIVATE KEY-----\n","clientEmail":"firebase-adminsdk-l8n9s@marketingplatform-3b5c7.iam.gserviceaccount.com","httpClient":{"retry":{"maxRetries":4,"statusCodes":[503],"ioErrorCodes":["ECONNRESET","ETIMEDOUT"],"backOffFactor":0.5,"maxDelayInMillis":60000}}}}
[warn] !  functions: The Cloud Firestore emulator is not running, so calls to Firestore will affect production. {"metadata":{"emulator":{"name":"functions"},"message":"The Cloud Firestore emulator is not running, so calls to Firestore will affect production."}}
[warn] !  It looks like you're trying to access functions.config().aws but there is no value there. You can learn more about setting up config here: https://firebase.google.com/docs/functions/local-emulator {"metadata":{"emulator":{"name":"functions"},"message":"It looks like you're trying to access functions.config().aws but there is no value there. You can learn more about setting up config here: https://firebase.google.com/docs/functions/local-emulator"}}
[warn] !  TypeError: Cannot read property 'access' of undefined
    at Object.<anonymous> (D:\Programming\unamedmarketingplatform\marketingplatform\functions\index.js:41:46)
    at Module._compile (internal/modules/cjs/loader.js:1063:30)
    at Object.Module._extensions..js (internal/modules/cjs/loader.js:1092:10)
    at Module.load (internal/modules/cjs/loader.js:928:32)
    at Function.Module._load (internal/modules/cjs/loader.js:769:14)
    at Module.require (internal/modules/cjs/loader.js:952:19)
    at require (internal/modules/cjs/helpers.js:88:18)
    at initializeRuntime (C:\Users\jaybg\AppData\Roaming\npm\node_modules\firebase-tools\lib\emulator\functionsEmulatorRuntime.js:678:29)
    at processTicksAndRejections (internal/process/task_queues.js:93:5)
    at async handleMessage (C:\Users\jaybg\AppData\Roaming\npm\node_modules\firebase-tools\lib\emulator\functionsEmulatorRuntime.js:716:20) {"metadata":{"emulator":{"name":"functions"},"message":"TypeError: Cannot read property 'access' of undefined\n    at Object.<anonymous> (D:\\Programming\\unamedmarketingplatform\\marketingplatform\\functions\\index.js:41:46)\n    at Module._compile (internal/modules/cjs/loader.js:1063:30)\n    at Object.Module._extensions..js (internal/modules/cjs/loader.js:1092:10)\n    at Module.load (internal/modules/cjs/loader.js:928:32)\n    at Function.Module._load (internal/modules/cjs/loader.js:769:14)\n    at Module.require (internal/modules/cjs/loader.js:952:19)\n    at require (internal/modules/cjs/helpers.js:88:18)\n    at initializeRuntime (C:\\Users\\jaybg\\AppData\\Roaming\\npm\\node_modules\\firebase-tools\\lib\\emulator\\functionsEmulatorRuntime.js:678:29)\n    at processTicksAndRejections (internal/process/task_queues.js:93:5)\n    at async handleMessage (C:\\Users\\jaybg\\AppData\\Roaming\\npm\\node_modules\\firebase-tools\\lib\\emulator\\functionsEmulatorRuntime.js:716:20)"}}
[warn] !  We were unable to load your functions code. (see above) {"metadata":{"emulator":{"name":"functions"}}}
[debug] [2021-02-19T15:11:08.657Z] DEBUG: [worker-~diagnostic~-ec4951b6-0040-4987-b352-5f76a65a62e9]: exited
[debug] [2021-02-19T15:11:08.657Z] DEBUG: [worker-~diagnostic~-ec4951b6-0040-4987-b352-5f76a65a62e9]: FINISHED
